# JRE version: OpenJDK Runtime Environment (15.0.1+9) (build 15.0.1+9-18)
# Java VM: OpenJDK 64-Bit Server VM (15.0.1+9-18, mixed mode, tiered, compressed oops, g1 gc, windows-amd64)
GC Precious Log:
 CPUs: 4 total, 4 available
 Memory: 4095M
 Large Page Support: Disabled
 NUMA Support: Disabled
 Compressed Oops: Enabled (32-bit)
 Heap Region Size: 1M
 Heap Min Capacity: 8M
 Heap Initial Capacity: 64M
 Heap Max Capacity: 1G
 Pre-touch: Disabled
 Parallel Workers: 4
 Concurrent Workers: 1
 Concurrent Refinement Workers: 4
 Periodic GC: Disabled
Heap:
 garbage-first heap   total 103424K, used 60216K [0x00000000c0000000, 0x0000000100000000)
  region size 1024K, 36 young (36864K), 3 survivors (3072K)
 Metaspace       used 65599K, capacity 66123K, committed 66252K, reserved 1107968K
  class space    used 8106K, capacity 8276K, committed 8396K, reserved 1048576K
GC Heap History (20 events):
Event: 4.624 GC heap before
{Heap before GC invocations=13 (full 0):
 garbage-first heap   total 59392K, used 33358K [0x00000000c0000000, 0x0000000100000000)
  region size 1024K, 23 young (23552K), 3 survivors (3072K)
 Metaspace       used 35438K, capacity 35769K, committed 35840K, reserved 1081344K
  class space    used 3957K, capacity 4072K, committed 4096K, reserved 1048576K
}
Event: 4.631 GC heap after
{Heap after GC invocations=14 (full 0):
 garbage-first heap   total 59392K, used 14545K [0x00000000c0000000, 0x0000000100000000)
  region size 1024K, 3 young (3072K), 3 survivors (3072K)
 Metaspace       used 35438K, capacity 35769K, committed 35840K, reserved 1081344K
  class space    used 3957K, capacity 4072K, committed 4096K, reserved 1048576K
}
Event: 5.239 GC heap before
{Heap before GC invocations=15 (full 0):
 garbage-first heap   total 59392K, used 46289K [0x00000000c0000000, 0x0000000100000000)
  region size 1024K, 34 young (34816K), 3 survivors (3072K)
 Metaspace       used 38241K, capacity 38627K, committed 38784K, reserved 1083392K
  class space    used 4307K, capacity 4442K, committed 4480K, reserved 1048576K
}
Event: 5.246 GC heap after
{Heap after GC invocations=16 (full 0):
 garbage-first heap   total 71680K, used 16511K [0x00000000c0000000, 0x0000000100000000)
  region size 1024K, 5 young (5120K), 5 survivors (5120K)
 Metaspace       used 38241K, capacity 38627K, committed 38784K, reserved 1083392K
  class space    used 4307K, capacity 4442K, committed 4480K, reserved 1048576K
}
Event: 5.714 GC heap before
{Heap before GC invocations=16 (full 0):
 garbage-first heap   total 71680K, used 54399K [0x00000000c0000000, 0x0000000100000000)
  region size 1024K, 42 young (43008K), 5 survivors (5120K)
 Metaspace       used 42491K, capacity 42825K, committed 43008K, reserved 1087488K
  class space    used 4755K, capacity 4860K, committed 4864K, reserved 1048576K
}
Event: 5.723 GC heap after
{Heap after GC invocations=17 (full 0):
 garbage-first heap   total 71680K, used 17617K [0x00000000c0000000, 0x0000000100000000)
  region size 1024K, 4 young (4096K), 4 survivors (4096K)
 Metaspace       used 42491K, capacity 42825K, committed 43008K, reserved 1087488K
  class space    used 4755K, capacity 4860K, committed 4864K, reserved 1048576K
}
Event: 6.457 GC heap before
{Heap before GC invocations=17 (full 0):
 garbage-first heap   total 71680K, used 56529K [0x00000000c0000000, 0x0000000100000000)
  region size 1024K, 42 young (43008K), 4 survivors (4096K)
 Metaspace       used 45917K, capacity 46273K, committed 46464K, reserved 1089536K
  class space    used 5255K, capacity 5408K, committed 5504K, reserved 1048576K
}
Event: 6.465 GC heap after
{Heap after GC invocations=18 (full 0):
 garbage-first heap   total 71680K, used 18900K [0x00000000c0000000, 0x0000000100000000)
  region size 1024K, 5 young (5120K), 5 survivors (5120K)
 Metaspace       used 45917K, capacity 46273K, committed 46464K, reserved 1089536K
  class space    used 5255K, capacity 5408K, committed 5504K, reserved 1048576K
}
Event: 6.963 GC heap before
{Heap before GC invocations=18 (full 0):
 garbage-first heap   total 71680K, used 56788K [0x00000000c0000000, 0x0000000100000000)
  region size 1024K, 42 young (43008K), 5 survivors (5120K)
 Metaspace       used 49804K, capacity 50212K, committed 50432K, reserved 1093632K
  class space    used 5888K, capacity 6017K, committed 6144K, reserved 1048576K
}
Event: 6.971 GC heap after
{Heap after GC invocations=19 (full 0):
 garbage-first heap   total 71680K, used 19300K [0x00000000c0000000, 0x0000000100000000)
  region size 1024K, 3 young (3072K), 3 survivors (3072K)
 Metaspace       used 49804K, capacity 50212K, committed 50432K, reserved 1093632K
  class space    used 5888K, capacity 6017K, committed 6144K, reserved 1048576K
}
Event: 7.637 GC heap before
{Heap before GC invocations=19 (full 0):
 garbage-first heap   total 71680K, used 59236K [0x00000000c0000000, 0x0000000100000000)
  region size 1024K, 42 young (43008K), 3 survivors (3072K)
 Metaspace       used 53826K, capacity 54215K, committed 54528K, reserved 1097728K
  class space    used 6433K, capacity 6562K, committed 6656K, reserved 1048576K
}
Event: 7.645 GC heap after
{Heap after GC invocations=20 (full 0):
 garbage-first heap   total 86016K, used 19975K [0x00000000c0000000, 0x0000000100000000)
  region size 1024K, 4 young (4096K), 4 survivors (4096K)
 Metaspace       used 53826K, capacity 54215K, committed 54528K, reserved 1097728K
  class space    used 6433K, capacity 6562K, committed 6656K, reserved 1048576K
}
Event: 8.649 GC heap before
{Heap before GC invocations=20 (full 0):
 garbage-first heap   total 86016K, used 67079K [0x00000000c0000000, 0x0000000100000000)
  region size 1024K, 50 young (51200K), 4 survivors (4096K)
 Metaspace       used 57771K, capacity 58184K, committed 58368K, reserved 1099776K
  class space    used 6992K, capacity 7116K, committed 7168K, reserved 1048576K
}
Event: 8.658 GC heap after
{Heap after GC invocations=21 (full 0):
 garbage-first heap   total 86016K, used 21422K [0x00000000c0000000, 0x0000000100000000)
  region size 1024K, 5 young (5120K), 5 survivors (5120K)
 Metaspace       used 57771K, capacity 58184K, committed 58368K, reserved 1099776K
  class space    used 6992K, capacity 7116K, committed 7168K, reserved 1048576K
}
Event: 8.952 GC heap before
{Heap before GC invocations=21 (full 0):
 garbage-first heap   total 86016K, used 40878K [0x00000000c0000000, 0x0000000100000000)
  region size 1024K, 25 young (25600K), 5 survivors (5120K)
 Metaspace       used 59702K, capacity 60107K, committed 60160K, reserved 1101824K
  class space    used 7248K, capacity 7373K, committed 7424K, reserved 1048576K
}
Event: 8.961 GC heap after
{Heap after GC invocations=22 (full 0):
 garbage-first heap   total 86016K, used 22356K [0x00000000c0000000, 0x0000000100000000)
  region size 1024K, 4 young (4096K), 4 survivors (4096K)
 Metaspace       used 59702K, capacity 60107K, committed 60160K, reserved 1101824K
  class space    used 7248K, capacity 7373K, committed 7424K, reserved 1048576K
}
Event: 9.828 GC heap before
{Heap before GC invocations=23 (full 0):
 garbage-first heap   total 86016K, used 69460K [0x00000000c0000000, 0x0000000100000000)
  region size 1024K, 50 young (51200K), 4 survivors (4096K)
 Metaspace       used 62021K, capacity 62455K, committed 62668K, reserved 1103872K
  class space    used 7607K, capacity 7769K, committed 7884K, reserved 1048576K
}
Event: 9.840 GC heap after
{Heap after GC invocations=24 (full 0):
 garbage-first heap   total 86016K, used 25861K [0x00000000c0000000, 0x0000000100000000)
  region size 1024K, 7 young (7168K), 7 survivors (7168K)
 Metaspace       used 62021K, capacity 62455K, committed 62668K, reserved 1103872K
  class space    used 7607K, capacity 7769K, committed 7884K, reserved 1048576K
}
Event: 10.708 GC heap before
{Heap before GC invocations=24 (full 0):
 garbage-first heap   total 86016K, used 67845K [0x00000000c0000000, 0x0000000100000000)
  region size 1024K, 48 young (49152K), 7 survivors (7168K)
 Metaspace       used 63997K, capacity 64475K, committed 64716K, reserved 1105920K
  class space    used 7862K, capacity 8010K, committed 8140K, reserved 1048576K
}
Event: 10.721 GC heap after
{Heap after GC invocations=25 (full 0):
 garbage-first heap   total 103424K, used 27448K [0x00000000c0000000, 0x0000000100000000)
  region size 1024K, 3 young (3072K), 3 survivors (3072K)
 Metaspace       used 63997K, capacity 64475K, committed 64716K, reserved 1105920K
  class space    used 7862K, capacity 8010K, committed 8140K, reserved 1048576K
}

